<?xml version="1.0" encoding="UTF-8"?>
<!-- Generated by org.testng.reporters.JUnitReportReporter -->
<testsuite hostname="jarvis" failures="0" tests="3" name="com.abc.demo.GroupApp" time="0.016" errors="0" timestamp="17 Dec 2018 04:20:20 GMT" skipped="0">
  <testcase classname="com.abc.demo.GroupApp" name="test3" time="0.002"/>
  <testcase classname="com.abc.demo.GroupApp" name="test1" time="0.012"/>
  <testcase classname="com.abc.demo.GroupApp" name="test5" time="0.002"/>
</testsuite> <!-- com.abc.demo.GroupApp -->
