<?xml version="1.0" encoding="UTF-8"?>
<!-- Generated by org.testng.reporters.JUnitReportReporter -->
<testsuite hostname="jarvis" failures="0" tests="2" name="com.abc.demo.Sample1" time="0.013" errors="0" timestamp="17 Dec 2018 03:39:14 GMT" skipped="0">
  <testcase classname="com.abc.demo.Sample1" name="test1" time="0.011"/>
  <testcase classname="com.abc.demo.Sample1" name="test2" time="0.002"/>
</testsuite> <!-- com.abc.demo.Sample1 -->
