<?xml version="1.0" encoding="UTF-8"?>
<!-- Generated by org.testng.reporters.JUnitReportReporter -->
<testsuite hostname="jarvis" failures="0" tests="3" name="com.abc.demo.Sample2" time="0.017" errors="0" timestamp="17 Dec 2018 03:50:33 GMT" skipped="0">
  <testcase classname="com.abc.demo.Sample2" name="a_method" time="0.014"/>
  <testcase classname="com.abc.demo.Sample2" name="d_method" time="0.001"/>
  <testcase classname="com.abc.demo.Sample2" name="b_method" time="0.002"/>
</testsuite> <!-- com.abc.demo.Sample2 -->
