<?xml version="1.0" encoding="UTF-8"?>
<!-- Generated by org.testng.reporters.JUnitReportReporter -->
<testsuite hostname="jarvis" failures="0" tests="1" name="com.abc.parameter.ParameterisaionApp" time="0.008" errors="0" timestamp="18 Dec 2018 04:23:22 GMT" skipped="0">
  <testcase classname="com.abc.parameter.ParameterisaionApp" name="test1" time="0.008"/>
</testsuite> <!-- com.abc.parameter.ParameterisaionApp -->
