<?xml version="1.0" encoding="UTF-8"?>
<!-- Generated by org.testng.reporters.JUnitReportReporter -->
<testsuite hostname="jarvis" failures="0" tests="2" name="com.abc.simple.Sample" time="0.010" errors="0" timestamp="18 Dec 2018 03:18:56 GMT" skipped="0">
  <testcase classname="com.abc.simple.Sample" name="Test2" time="0.002"/>
  <testcase classname="com.abc.simple.Sample" name="Test1" time="0.008"/>
</testsuite> <!-- com.abc.simple.Sample -->
