<?xml version="1.0" encoding="UTF-8"?>
<!-- Generated by org.testng.reporters.JUnitReportReporter -->
<testsuite hostname="jarvis" failures="0" tests="2" name="com.abc.sample.SampleApp" time="0.016" errors="0" timestamp="14 Dec 2018 03:07:59 GMT" skipped="0">
  <testcase classname="com.abc.sample.SampleApp" name="test1" time="0.014"/>
  <testcase classname="com.abc.sample.SampleApp" name="test2" time="0.002"/>
</testsuite> <!-- com.abc.sample.SampleApp -->
